<?xml version="1.0" encoding="UTF-8"?>
<testsuite name="com.comunicator.kkomunicatorbackend.KkomunicatorBackendApplicationTests" tests="1" skipped="0" failures="0" errors="0" timestamp="2020-08-04T14:33:56" hostname="DESKTOP-942VV4J" time="0.06">
  <properties/>
  <testcase name="contextLoads()" classname="com.comunicator.kkomunicatorbackend.KkomunicatorBackendApplicationTests" time="0.06"/>
  <system-out><![CDATA[16:33:52.220 [Test worker] DEBUG org.springframework.test.context.BootstrapUtils - Instantiating CacheAwareContextLoaderDelegate from class [org.springframework.test.context.cache.DefaultCacheAwareContextLoaderDelegate]
16:33:52.232 [Test worker] DEBUG org.springframework.test.context.BootstrapUtils - Instantiating BootstrapContext using constructor [public org.springframework.test.context.support.DefaultBootstrapContext(java.lang.Class,org.springframework.test.context.CacheAwareContextLoaderDelegate)]
16:33:52.257 [Test worker] DEBUG org.springframework.test.context.BootstrapUtils - Instantiating TestContextBootstrapper for test class [com.comunicator.kkomunicatorbackend.KkomunicatorBackendApplicationTests] from class [org.springframework.boot.test.context.SpringBootTestContextBootstrapper]
16:33:52.271 [Test worker] INFO org.springframework.boot.test.context.SpringBootTestContextBootstrapper - Neither @ContextConfiguration nor @ContextHierarchy found for test class [com.comunicator.kkomunicatorbackend.KkomunicatorBackendApplicationTests], using SpringBootContextLoader
16:33:52.275 [Test worker] DEBUG org.springframework.test.context.support.AbstractContextLoader - Did not detect default resource location for test class [com.comunicator.kkomunicatorbackend.KkomunicatorBackendApplicationTests]: class path resource [com/comunicator/kkomunicatorbackend/KkomunicatorBackendApplicationTests-context.xml] does not exist
16:33:52.275 [Test worker] DEBUG org.springframework.test.context.support.AbstractContextLoader - Did not detect default resource location for test class [com.comunicator.kkomunicatorbackend.KkomunicatorBackendApplicationTests]: class path resource [com/comunicator/kkomunicatorbackend/KkomunicatorBackendApplicationTestsContext.groovy] does not exist
16:33:52.275 [Test worker] INFO org.springframework.test.context.support.AbstractContextLoader - Could not detect default resource locations for test class [com.comunicator.kkomunicatorbackend.KkomunicatorBackendApplicationTests]: no resource found for suffixes {-context.xml, Context.groovy}.
16:33:52.275 [Test worker] INFO org.springframework.test.context.support.AnnotationConfigContextLoaderUtils - Could not detect default configuration classes for test class [com.comunicator.kkomunicatorbackend.KkomunicatorBackendApplicationTests]: KkomunicatorBackendApplicationTests does not declare any static, non-private, non-final, nested classes annotated with @Configuration.
16:33:52.309 [Test worker] DEBUG org.springframework.test.context.support.ActiveProfilesUtils - Could not find an 'annotation declaring class' for annotation type [org.springframework.test.context.ActiveProfiles] and class [com.comunicator.kkomunicatorbackend.KkomunicatorBackendApplicationTests]
16:33:52.371 [Test worker] DEBUG org.springframework.context.annotation.ClassPathScanningCandidateComponentProvider - Identified candidate component class: file [C:\Users\adeks\Documents\Development\Projects\kkomunicator-backend\build\classes\java\main\com\comunicator\kkomunicatorbackend\KkomunicatorBackendApplication.class]
16:33:52.372 [Test worker] INFO org.springframework.boot.test.context.SpringBootTestContextBootstrapper - Found @SpringBootConfiguration com.comunicator.kkomunicatorbackend.KkomunicatorBackendApplication for test class com.comunicator.kkomunicatorbackend.KkomunicatorBackendApplicationTests
16:33:52.455 [Test worker] DEBUG org.springframework.boot.test.context.SpringBootTestContextBootstrapper - @TestExecutionListeners is not present for class [com.comunicator.kkomunicatorbackend.KkomunicatorBackendApplicationTests]: using defaults.
16:33:52.455 [Test worker] INFO org.springframework.boot.test.context.SpringBootTestContextBootstrapper - Loaded default TestExecutionListener class names from location [META-INF/spring.factories]: [org.springframework.boot.test.autoconfigure.restdocs.RestDocsTestExecutionListener, org.springframework.boot.test.autoconfigure.web.client.MockRestServiceServerResetTestExecutionListener, org.springframework.boot.test.autoconfigure.web.servlet.MockMvcPrintOnlyOnFailureTestExecutionListener, org.springframework.boot.test.autoconfigure.web.servlet.WebDriverTestExecutionListener, org.springframework.boot.test.autoconfigure.webservices.client.MockWebServiceServerTestExecutionListener, org.springframework.boot.test.mock.mockito.MockitoTestExecutionListener, org.springframework.boot.test.mock.mockito.ResetMocksTestExecutionListener, org.springframework.test.context.web.ServletTestExecutionListener, org.springframework.test.context.support.DirtiesContextBeforeModesTestExecutionListener, org.springframework.test.context.support.DependencyInjectionTestExecutionListener, org.springframework.test.context.support.DirtiesContextTestExecutionListener, org.springframework.test.context.transaction.TransactionalTestExecutionListener, org.springframework.test.context.jdbc.SqlScriptsTestExecutionListener, org.springframework.test.context.event.EventPublishingTestExecutionListener]
16:33:52.470 [Test worker] INFO org.springframework.boot.test.context.SpringBootTestContextBootstrapper - Using TestExecutionListeners: [org.springframework.test.context.web.ServletTestExecutionListener@7df0faeb, org.springframework.test.context.support.DirtiesContextBeforeModesTestExecutionListener@58fa4f, org.springframework.boot.test.mock.mockito.MockitoTestExecutionListener@3fec3887, org.springframework.boot.test.autoconfigure.SpringBootDependencyInjectionTestExecutionListener@810d3ac, org.springframework.test.context.support.DirtiesContextTestExecutionListener@72cd47e7, org.springframework.test.context.transaction.TransactionalTestExecutionListener@35804173, org.springframework.test.context.jdbc.SqlScriptsTestExecutionListener@6b767f44, org.springframework.test.context.event.EventPublishingTestExecutionListener@65f54c35, org.springframework.boot.test.autoconfigure.restdocs.RestDocsTestExecutionListener@7d1fcd13, org.springframework.boot.test.autoconfigure.web.client.MockRestServiceServerResetTestExecutionListener@4a23901a, org.springframework.boot.test.autoconfigure.web.servlet.MockMvcPrintOnlyOnFailureTestExecutionListener@12775a45, org.springframework.boot.test.autoconfigure.web.servlet.WebDriverTestExecutionListener@5d2c28da, org.springframework.boot.test.autoconfigure.webservices.client.MockWebServiceServerTestExecutionListener@5ed81139, org.springframework.boot.test.mock.mockito.ResetMocksTestExecutionListener@8adf9b8]
16:33:52.474 [Test worker] DEBUG org.springframework.test.context.support.AbstractDirtiesContextTestExecutionListener - Before test class: context [DefaultTestContext@6b122820 testClass = KkomunicatorBackendApplicationTests, testInstance = [null], testMethod = [null], testException = [null], mergedContextConfiguration = [WebMergedContextConfiguration@3e8ba24a testClass = KkomunicatorBackendApplicationTests, locations = '{}', classes = '{class com.comunicator.kkomunicatorbackend.KkomunicatorBackendApplication}', contextInitializerClasses = '[]', activeProfiles = '{}', propertySourceLocations = '{}', propertySourceProperties = '{org.springframework.boot.test.context.SpringBootTestContextBootstrapper=true}', contextCustomizers = set[org.springframework.boot.test.autoconfigure.properties.PropertyMappingContextCustomizer@0, org.springframework.boot.test.autoconfigure.web.servlet.WebDriverContextCustomizerFactory$Customizer@5508168f, org.springframework.boot.test.context.filter.ExcludeFilterContextCustomizer@7844450, org.springframework.boot.test.json.DuplicateJsonObjectContextCustomizerFactory$DuplicateJsonObjectContextCustomizer@63fbcdff, org.springframework.boot.test.mock.mockito.MockitoContextCustomizer@0, org.springframework.boot.test.web.client.TestRestTemplateContextCustomizer@67c77cf2, org.springframework.boot.test.context.SpringBootTestArgs@1], resourceBasePath = 'src/main/webapp', contextLoader = 'org.springframework.boot.test.context.SpringBootContextLoader', parent = [null]], attributes = map['org.springframework.test.context.web.ServletTestExecutionListener.activateListener' -> true]], class annotated with @DirtiesContext [false] with mode [null].
16:33:52.497 [Test worker] DEBUG org.springframework.test.context.support.TestPropertySourceUtils - Adding inlined properties to environment: {spring.jmx.enabled=false, org.springframework.boot.test.context.SpringBootTestContextBootstrapper=true}

  .   ____          _            __ _ _
 /\\ / ___'_ __ _ _(_)_ __  __ _ \ \ \ \
( ( )\___ | '_ | '_| | '_ \/ _` | \ \ \ \
 \\/  ___)| |_)| | | | | || (_| |  ) ) ) )
  '  |____| .__|_| |_|_| |_\__, | / / / /
 =========|_|==============|___/=/_/_/_/
 :: Spring Boot ::        (v2.3.1.RELEASE)

2020-08-04 16:33:52.707  INFO 10716 --- [    Test worker] .c.k.KkomunicatorBackendApplicationTests : Starting KkomunicatorBackendApplicationTests on DESKTOP-942VV4J with PID 10716 (started by adeks in C:\Users\adeks\Documents\Development\Projects\kkomunicator-backend)
2020-08-04 16:33:52.708  INFO 10716 --- [    Test worker] .c.k.KkomunicatorBackendApplicationTests : No active profile set, falling back to default profiles: default
2020-08-04 16:33:53.306  INFO 10716 --- [    Test worker] .s.d.r.c.RepositoryConfigurationDelegate : Bootstrapping Spring Data JPA repositories in DEFERRED mode.
2020-08-04 16:33:53.389  INFO 10716 --- [    Test worker] .s.d.r.c.RepositoryConfigurationDelegate : Finished Spring Data repository scanning in 76ms. Found 4 JPA repository interfaces.
2020-08-04 16:33:54.067  INFO 10716 --- [    Test worker] o.s.s.concurrent.ThreadPoolTaskExecutor  : Initializing ExecutorService 'applicationTaskExecutor'
2020-08-04 16:33:54.094  INFO 10716 --- [    Test worker] o.s.s.c.ThreadPoolTaskScheduler          : Initializing ExecutorService 'taskScheduler'
2020-08-04 16:33:54.204  INFO 10716 --- [         task-1] o.hibernate.jpa.internal.util.LogHelper  : HHH000204: Processing PersistenceUnitInfo [name: default]
2020-08-04 16:33:54.267  INFO 10716 --- [         task-1] org.hibernate.Version                    : HHH000412: Hibernate ORM core version 5.4.17.Final
2020-08-04 16:33:54.486  INFO 10716 --- [         task-1] o.hibernate.annotations.common.Version   : HCANN000001: Hibernate Commons Annotations {5.1.0.Final}
2020-08-04 16:33:54.561  WARN 10716 --- [    Test worker] JpaBaseConfiguration$JpaWebConfiguration : spring.jpa.open-in-view is enabled by default. Therefore, database queries may be performed during view rendering. Explicitly configure spring.jpa.open-in-view to disable this warning
2020-08-04 16:33:54.618  INFO 10716 --- [         task-1] com.zaxxer.hikari.HikariDataSource       : HikariPool-1 - Starting...
2020-08-04 16:33:54.818  INFO 10716 --- [         task-1] com.zaxxer.hikari.HikariDataSource       : HikariPool-1 - Start completed.
2020-08-04 16:33:54.842  INFO 10716 --- [         task-1] org.hibernate.dialect.Dialect            : HHH000400: Using dialect: org.hibernate.dialect.MySQL5Dialect
2020-08-04 16:33:55.265  INFO 10716 --- [    Test worker] DeferredRepositoryInitializationListener : Triggering deferred initialization of Spring Data repositories…
2020-08-04 16:33:56.157  INFO 10716 --- [         task-1] o.h.e.t.j.p.i.JtaPlatformInitiator       : HHH000490: Using JtaPlatform implementation: [org.hibernate.engine.transaction.jta.platform.internal.NoJtaPlatform]
2020-08-04 16:33:56.165  INFO 10716 --- [         task-1] j.LocalContainerEntityManagerFactoryBean : Initialized JPA EntityManagerFactory for persistence unit 'default'
2020-08-04 16:33:56.676  INFO 10716 --- [    Test worker] DeferredRepositoryInitializationListener : Spring Data repositories initialized!
2020-08-04 16:33:56.687  INFO 10716 --- [    Test worker] .c.k.KkomunicatorBackendApplicationTests : Started KkomunicatorBackendApplicationTests in 4.182 seconds (JVM running for 5.267)
]]></system-out>
  <system-err><![CDATA[]]></system-err>
</testsuite>
